
Compile time: 0 minutes, 1 second
3	Topics
4	Local links
2	Internet links
1	Graphic


Created c:\projects\LineTS\Help.chm, 132,202 bytes
Compression increased file by 5,033 bytes.
Microsoft HTML Help Compiler 4.74.8702

Compiling c:\projects\LineTS\Help.chm


Compile time: 0 minutes, 2 seconds
3	Topics
4	Local links
2	Internet links
1	Graphic


Created c:\projects\LineTS\Help.chm, 238,359 bytes
Compression decreased file by 122,338 bytes.
HHC5010: Error: Cannot open "c:\projects\LineTS\Help.chm". Compilation stopped.
Microsoft HTML Help Compiler 4.74.8702

Compiling c:\projects\LineTS\Help.chm


Compile time: 0 minutes, 3 seconds
3	Topics
4	Local links
2	Internet links
1	Graphic


Created c:\projects\LineTS\Help.chm, 477,541 bytes
Compression decreased file by 394,050 bytes.
Microsoft HTML Help Compiler 4.74.8702

Compiling c:\projects\LineTS\Help.chm


Compile time: 0 minutes, 4 seconds
5	Topics
8	Local links
4	Internet links
1	Graphic


Created c:\projects\LineTS\Help.chm, 478,059 bytes
Compression decreased file by 395,793 bytes.
